2021-10-01 16:45:39 [httpLog] {"method":"GET","url":"/","data":{},"startTime":"2021-10-01 16:45:39","endTime":"2021-10-01 16:45:39","timeLength":1}
2021-10-01 16:45:53 [httpLog] {"method":"GET","url":"/api/user/register","data":{},"startTime":"2021-10-01 16:45:53","endTime":"2021-10-01 16:45:53","timeLength":0}
2021-10-01 16:47:56 [httpLog] {"method":"POST","url":"/api/user/register","data":{"username":"test1","password":"1234"},"startTime":"2021-10-01 16:47:56","endTime":"2021-10-01 16:47:56","timeLength":69}
2021-10-01 16:53:33 [httpLog] {"method":"POST","url":"/api/user/register","data":{"username":"test1","password":"1234"},"startTime":"2021-10-01 16:53:33","endTime":"2021-10-01 16:53:33","timeLength":4}
2021-10-01 16:55:01 [httpLog] {"method":"POST","url":"/api/user/register","data":{"username":"test1","password":"1234"},"startTime":"2021-10-01 16:55:01","endTime":"2021-10-01 16:55:01","timeLength":3}
2021-10-01 16:55:02 [httpLog] {"method":"POST","url":"/api/user/register","data":{"username":"test1","password":"1234"},"startTime":"2021-10-01 16:55:02","endTime":"2021-10-01 16:55:02","timeLength":0}
2021-10-01 16:55:17 [httpLog] {"method":"POST","url":"/api/user/register","data":{"username":"test1","password":"1234"},"startTime":"2021-10-01 16:55:17","endTime":"2021-10-01 16:55:17","timeLength":25}
2021-10-01 16:55:40 [httpLog] {"method":"POST","url":"/api/user/register","data":{"username":"test1","password":"1234"},"startTime":"2021-10-01 16:55:40","endTime":"2021-10-01 16:55:40","timeLength":13}
2021-10-01 17:08:56 [httpLog] {"method":"POST","url":"/api/user/register","data":{"username":"test1","password":"1234"},"startTime":"2021-10-01 17:08:56","endTime":"2021-10-01 17:08:56","timeLength":17}
2021-10-01 17:09:21 [httpLog] {"method":"POST","url":"/api/user/register","data":{"username":"test1","password":"1234"},"startTime":"2021-10-01 17:09:21","endTime":"2021-10-01 17:09:21","timeLength":18}
2021-10-01 17:55:45 [httpLog] {"method":"POST","url":"/api/user/login","data":{"username":"test1","password":"1234"},"startTime":"2021-10-01 17:55:45","endTime":"2021-10-01 17:55:45","timeLength":12}
2021-10-01 17:55:50 [httpLog] {"method":"POST","url":"/api/user/login","data":{"username":"test1","password":"1234"},"startTime":"2021-10-01 17:55:50","endTime":"2021-10-01 17:55:50","timeLength":1}
2021-10-01 17:56:14 [httpLog] {"method":"POST","url":"/api/user/login","data":{"username":"test1","password":"1234"},"startTime":"2021-10-01 17:56:14","endTime":"2021-10-01 17:56:14","timeLength":1}
2021-10-01 17:57:11 [httpLog] {"method":"POST","url":"/api/user/login","data":{"username":"test1","password":"1234"},"startTime":"2021-10-01 17:57:11","endTime":"2021-10-01 17:57:11","timeLength":5}
2021-10-01 17:57:32 [httpLog] {"method":"POST","url":"/api/user/login","data":{"username":"test1","password":"1234"},"startTime":"2021-10-01 17:57:32","endTime":"2021-10-01 17:57:32","timeLength":3}
2021-10-01 17:58:42 [httpLog] {"method":"POST","url":"/api/user/login","data":{"username":"test1","password":"1234"},"startTime":"2021-10-01 17:58:42","endTime":"2021-10-01 17:58:42","timeLength":12}
2021-10-01 18:34:44 [httpLog] {"method":"POST","url":"/api/user/login","data":{"username":"test1","password":"1234"},"startTime":"2021-10-01 18:34:44","endTime":"2021-10-01 18:34:44","timeLength":16}
2021-10-01 18:35:21 [httpLog] {"method":"POST","url":"/api/user/login","data":{"username":"test1","password":"1234"},"startTime":"2021-10-01 18:35:21","endTime":"2021-10-01 18:35:21","timeLength":21}
2021-10-01 18:36:04 [httpLog] {"method":"POST","url":"/api/user/login","data":{"username":"test1","password":"1234"},"startTime":"2021-10-01 18:36:04","endTime":"2021-10-01 18:36:04","timeLength":7}
2021-10-02 09:16:45 [httpLog] {"method":"POST","url":"/api/user/login","data":{"username":"test1","password":"1234"},"startTime":"2021-10-02 09:16:45","endTime":"2021-10-02 09:16:45","timeLength":149}
2021-10-02 09:20:39 [httpLog] {"method":"POST","url":"/api/user/login","data":{"username":"test1","password":"1234"},"startTime":"2021-10-02 09:20:39","endTime":"2021-10-02 09:20:39","timeLength":18}
2021-10-02 09:23:36 [httpLog] {"method":"POST","url":"/api/commons/city","data":{},"startTime":"2021-10-02 09:23:36","endTime":"2021-10-02 09:23:36","timeLength":0}
2021-10-02 09:23:36 [httpLog] {"method":"POST","url":"/api/house/hot","data":{},"startTime":"2021-10-02 09:23:36","endTime":"2021-10-02 09:23:36","timeLength":0}
2021-10-02 09:25:07 [httpLog] {"method":"POST","url":"/api/user/login","data":{"username":"test","password":"12345"},"startTime":"2021-10-02 09:25:07","endTime":"2021-10-02 09:25:07","timeLength":7}
2021-10-02 09:29:42 [httpLog] {"method":"POST","url":"/api/user/login","data":{"username":"test1","password":"1234"},"startTime":"2021-10-02 09:29:42","endTime":"2021-10-02 09:29:42","timeLength":8}
2021-10-02 09:30:17 [httpLog] {"method":"POST","url":"/api/user/register","data":{"username":"test2","password":"1234","password2":"1234"},"startTime":"2021-10-02 09:30:17","endTime":"2021-10-02 09:30:17","timeLength":6}
2021-10-02 09:31:03 [httpLog] {"method":"POST","url":"/api/user/register","data":{"username":"test3","password":"1234","password2":"1234"},"startTime":"2021-10-02 09:31:03","endTime":"2021-10-02 09:31:03","timeLength":6}
2021-10-02 09:33:22 [httpLog] {"method":"POST","url":"/api/user/register","data":{"username":"admin","password":"admin","password2":"admin"},"startTime":"2021-10-02 09:33:22","endTime":"2021-10-02 09:33:22","timeLength":6}
2021-10-02 09:34:55 [httpLog] {"method":"POST","url":"/api/user/register","data":{"username":"18581862562","password":"1234","password2":"1234"},"startTime":"2021-10-02 09:34:55","endTime":"2021-10-02 09:34:55","timeLength":5}
2021-10-02 09:36:30 [httpLog] {"method":"POST","url":"/api/user/register","data":{"username":"18581862562","password":"1234","password2":"1234"},"startTime":"2021-10-02 09:36:30","endTime":"2021-10-02 09:36:30","timeLength":5}
2021-10-02 09:38:09 [httpLog] {"method":"POST","url":"/api/user/register","data":{"username":"test1","password":"1234"},"startTime":"2021-10-02 09:38:09","endTime":"2021-10-02 09:38:09","timeLength":12}
2021-10-02 09:38:13 [httpLog] {"method":"POST","url":"/api/user/register","data":{"username":"test2","password":"1234"},"startTime":"2021-10-02 09:38:13","endTime":"2021-10-02 09:38:13","timeLength":3}
2021-10-02 09:38:14 [httpLog] {"method":"POST","url":"/api/user/register","data":{"username":"test2","password":"1234"},"startTime":"2021-10-02 09:38:14","endTime":"2021-10-02 09:38:14","timeLength":2}
2021-10-02 09:38:15 [httpLog] {"method":"POST","url":"/api/user/register","data":{"username":"test2","password":"1234"},"startTime":"2021-10-02 09:38:15","endTime":"2021-10-02 09:38:15","timeLength":2}
2021-10-02 09:38:53 [httpLog] {"method":"POST","url":"/api/user/register","data":{"username":"test2","password":"1234"},"startTime":"2021-10-02 09:38:53","endTime":"2021-10-02 09:38:53","timeLength":13}
2021-10-02 09:39:22 [httpLog] {"method":"POST","url":"/api/user/register","data":{"username":"test2","password":"1234"},"startTime":"2021-10-02 09:39:22","endTime":"2021-10-02 09:39:22","timeLength":13}
2021-10-02 09:40:26 [httpLog] {"method":"POST","url":"/api/user/register","data":{"username":"test2","password":"1234"},"startTime":"2021-10-02 09:40:26","endTime":"2021-10-02 09:40:26","timeLength":13}
2021-10-02 09:42:48 [httpLog] {"method":"POST","url":"/api/user/register","data":{"username":"test2","password":"1234"},"startTime":"2021-10-02 09:42:48","endTime":"2021-10-02 09:42:48","timeLength":13}
2021-10-02 09:44:36 [httpLog] {"method":"POST","url":"/api/user/register","data":{"username":"test2","password":"1234"},"startTime":"2021-10-02 09:44:36","endTime":"2021-10-02 09:44:36","timeLength":21}
2021-10-02 09:47:07 [httpLog] {"method":"POST","url":"/api/user/register","data":{"username":"test2","password":"1234","password2":"1234"},"startTime":"2021-10-02 09:47:07","endTime":"2021-10-02 09:47:07","timeLength":48}
2021-10-02 09:48:11 [httpLog] {"method":"POST","url":"/api/user/login","data":{"username":"test2","password":"1234"},"startTime":"2021-10-02 09:48:11","endTime":"2021-10-02 09:48:11","timeLength":13}
2021-10-02 09:52:05 [httpLog] {"method":"POST","url":"/api/user/login","data":{"username":"test1","password":"1234"},"startTime":"2021-10-02 09:52:05","endTime":"2021-10-02 09:52:05","timeLength":11}
2021-10-09 09:33:38 [httpLog] {"method":"POST","url":"/api/commons/city","data":{},"startTime":"2021-10-09 09:33:38","endTime":"2021-10-09 09:33:38","timeLength":1}
2021-10-09 09:33:38 [httpLog] {"method":"POST","url":"/api/house/hot","data":{},"startTime":"2021-10-09 09:33:38","endTime":"2021-10-09 09:33:38","timeLength":1}
2021-10-09 09:34:00 [httpLog] {"method":"POST","url":"/api/commons/city","data":{},"startTime":"2021-10-09 09:34:00","endTime":"2021-10-09 09:34:00","timeLength":0}
2021-10-09 09:34:00 [httpLog] {"method":"POST","url":"/api/house/hot","data":{},"startTime":"2021-10-09 09:34:00","endTime":"2021-10-09 09:34:00","timeLength":0}
2021-10-09 09:37:48 [httpLog] {"method":"POST","url":"/api/commons/city","data":{},"startTime":"2021-10-09 09:37:48","endTime":"2021-10-09 09:37:48","timeLength":0}
2021-10-09 09:37:48 [httpLog] {"method":"POST","url":"/api/house/hot","data":{},"startTime":"2021-10-09 09:37:48","endTime":"2021-10-09 09:37:48","timeLength":1}
2021-10-09 09:38:18 [httpLog] {"method":"POST","url":"/api/user/login","data":{"username":"test1","password":"1234"},"startTime":"2021-10-09 09:38:18","endTime":"2021-10-09 09:38:18","timeLength":19}
2021-10-09 09:38:18 [httpLog] {"method":"POST","url":"/api/order/lists","data":{"pageSize":8,"pageNum":1,"type":0},"startTime":"2021-10-09 09:38:18","endTime":"2021-10-09 09:38:18","timeLength":0}
2021-10-09 09:38:36 [httpLog] {"method":"POST","url":"/api/order/lists","data":{"pageSize":8,"pageNum":1,"type":0},"startTime":"2021-10-09 09:38:36","endTime":"2021-10-09 09:38:36","timeLength":0}
2021-10-09 09:38:51 [httpLog] {"method":"POST","url":"/api/user/detail","data":{"id":10},"startTime":"2021-10-09 09:38:51","endTime":"2021-10-09 09:38:51","timeLength":8}
2021-10-09 09:38:55 [httpLog] {"method":"POST","url":"/api/user/logout","data":{},"startTime":"2021-10-09 09:38:55","endTime":"2021-10-09 09:38:55","timeLength":0}
2021-10-09 09:39:00 [httpLog] {"method":"POST","url":"/api/order/lists","data":{"pageSize":8,"pageNum":1,"type":0},"startTime":"2021-10-09 09:39:00","endTime":"2021-10-09 09:39:00","timeLength":0}
2021-10-09 09:39:03 [httpLog] {"method":"POST","url":"/api/user/detail","data":{"id":10},"startTime":"2021-10-09 09:39:03","endTime":"2021-10-09 09:39:03","timeLength":17}
2021-10-09 09:44:55 [httpLog] {"method":"POST","url":"/api/user/logout","data":{},"startTime":"2021-10-09 09:44:55","endTime":"2021-10-09 09:44:55","timeLength":6}
2021-10-09 10:14:53 [httpLog] {"method":"POST","url":"/api/user/login","data":{"username":"test1","password":"1234"},"startTime":"2021-10-09 10:14:53","endTime":"2021-10-09 10:14:53","timeLength":19}
2021-10-09 10:14:53 [httpLog] {"method":"POST","url":"/api/user/detail","data":{"id":10},"startTime":"2021-10-09 10:14:53","endTime":"2021-10-09 10:14:53","timeLength":10}
2021-10-09 10:14:57 [httpLog] {"method":"POST","url":"/api/user/logout","data":{},"startTime":"2021-10-09 10:14:57","endTime":"2021-10-09 10:14:57","timeLength":0}
2021-10-09 10:15:23 [httpLog] {"method":"POST","url":"/api/user/login","data":{"username":"test1","password":"1234"},"startTime":"2021-10-09 10:15:23","endTime":"2021-10-09 10:15:23","timeLength":6}
2021-10-09 10:15:23 [httpLog] {"method":"POST","url":"/api/user/detail","data":{"id":10},"startTime":"2021-10-09 10:15:23","endTime":"2021-10-09 10:15:23","timeLength":4}
2021-10-09 10:15:26 [httpLog] {"method":"POST","url":"/api/user/detail","data":{"id":10},"startTime":"2021-10-09 10:15:26","endTime":"2021-10-09 10:15:26","timeLength":4}
2021-10-09 10:15:28 [httpLog] {"method":"POST","url":"/api/user/logout","data":{},"startTime":"2021-10-09 10:15:28","endTime":"2021-10-09 10:15:28","timeLength":0}
2021-10-09 10:45:02 [httpLog] {"method":"POST","url":"/api/user/login","data":{"username":"test1","password":"1234"},"startTime":"2021-10-09 10:45:02","endTime":"2021-10-09 10:45:02","timeLength":20}
2021-10-09 10:50:43 [httpLog] {"method":"POST","url":"/api/user/login","data":{"username":"test1","password":"1234"},"startTime":"2021-10-09 10:50:43","endTime":"2021-10-09 10:50:43","timeLength":18}
2021-10-09 10:51:23 [httpLog] {"method":"POST","url":"/api/user/login","data":{"username":"test1","password":"1234"},"startTime":"2021-10-09 10:51:23","endTime":"2021-10-09 10:51:23","timeLength":6}
2021-10-09 10:51:36 [httpLog] {"method":"POST","url":"/api/user/login","data":{"username":"test1","password":"1234"},"startTime":"2021-10-09 10:51:36","endTime":"2021-10-09 10:51:36","timeLength":5}
2021-10-09 14:54:46 [httpLog] {"method":"POST","url":"/api/user/login","data":{"username":"test1","password":"1234"},"startTime":"2021-10-09 14:54:46","endTime":"2021-10-09 14:54:46","timeLength":18}
2021-10-09 14:58:59 [httpLog] {"method":"POST","url":"/api/user/login","data":{"username":"test1","password":"1234"},"startTime":"2021-10-09 14:58:59","endTime":"2021-10-09 14:58:59","timeLength":9}
2021-10-09 15:03:55 [httpLog] {"method":"POST","url":"/api/user/login","data":{"username":"test1","password":"1234"},"startTime":"2021-10-09 15:03:55","endTime":"2021-10-09 15:03:55","timeLength":16}
2021-10-09 15:03:59 [httpLog] {"method":"POST","url":"/api/user/login","data":{"username":"test1","password":"1234"},"startTime":"2021-10-09 15:03:59","endTime":"2021-10-09 15:03:59","timeLength":4}
2021-10-09 15:04:25 [httpLog] {"method":"POST","url":"/api/user/detail","data":{"id":10},"startTime":"2021-10-09 15:04:25","endTime":"2021-10-09 15:04:25","timeLength":10}
2021-10-09 15:04:27 [httpLog] {"method":"POST","url":"/api/user/logout","data":{},"startTime":"2021-10-09 15:04:27","endTime":"2021-10-09 15:04:27","timeLength":2}
2021-10-09 15:04:34 [httpLog] {"method":"POST","url":"/api/user/login","data":{"username":"test1","password":"1234"},"startTime":"2021-10-09 15:04:34","endTime":"2021-10-09 15:04:34","timeLength":2}
2021-10-09 15:04:34 [httpLog] {"method":"POST","url":"/api/user/detail","data":{"id":10},"startTime":"2021-10-09 15:04:34","endTime":"2021-10-09 15:04:34","timeLength":3}
2021-10-09 15:04:42 [httpLog] {"method":"POST","url":"/api/user/logout","data":{},"startTime":"2021-10-09 15:04:42","endTime":"2021-10-09 15:04:42","timeLength":1}
2021-10-09 15:06:07 [httpLog] {"method":"POST","url":"/api/user/login","data":{"username":"test1","password":"1234"},"startTime":"2021-10-09 15:06:07","endTime":"2021-10-09 15:06:07","timeLength":14}
2021-10-09 15:06:07 [httpLog] {"method":"POST","url":"/api/user/detail","data":{"id":10},"startTime":"2021-10-09 15:06:07","endTime":"2021-10-09 15:06:07","timeLength":3}
2021-10-09 15:06:18 [httpLog] {"method":"POST","url":"/api/user/logout","data":{},"startTime":"2021-10-09 15:06:18","endTime":"2021-10-09 15:06:18","timeLength":2}
2021-10-09 15:35:09 [httpLog] {"method":"POST","url":"/api/user/login","data":{"username":"test1","password":"1234"},"startTime":"2021-10-09 15:35:09","endTime":"2021-10-09 15:35:09","timeLength":17}
2021-10-09 15:35:09 [httpLog] {"method":"POST","url":"/api/user/detail","data":{"id":10},"startTime":"2021-10-09 15:35:09","endTime":"2021-10-09 15:35:09","timeLength":4}
2021-10-09 15:35:16 [httpLog] {"method":"POST","url":"/api/user/logout","data":{},"startTime":"2021-10-09 15:35:16","endTime":"2021-10-09 15:35:16","timeLength":1}
2021-10-09 15:36:10 [httpLog] {"method":"POST","url":"/api/user/login","data":{"username":"test1","password":"1234"},"startTime":"2021-10-09 15:36:10","endTime":"2021-10-09 15:36:10","timeLength":8}
2021-10-09 15:36:22 [httpLog] {"method":"POST","url":"/api/user/login","data":{"username":"test1","password":"1234"},"startTime":"2021-10-09 15:36:22","endTime":"2021-10-09 15:36:22","timeLength":5}
2021-10-09 15:36:34 [httpLog] {"method":"POST","url":"/api/user/detail","data":{"id":10},"startTime":"2021-10-09 15:36:34","endTime":"2021-10-09 15:36:34","timeLength":12}
2021-10-09 15:36:37 [httpLog] {"method":"POST","url":"/api/user/logout","data":{},"startTime":"2021-10-09 15:36:37","endTime":"2021-10-09 15:36:37","timeLength":1}
2021-10-09 15:47:28 [httpLog] {"method":"POST","url":"/api/user/login","data":{"username":"test1","password":"1234"},"startTime":"2021-10-09 15:47:28","endTime":"2021-10-09 15:47:28","timeLength":15}
2021-10-09 15:47:28 [httpLog] {"method":"POST","url":"/api/user/detail","data":{"id":10},"startTime":"2021-10-09 15:47:28","endTime":"2021-10-09 15:47:28","timeLength":3}
2021-10-09 15:54:59 [httpLog] {"method":"POST","url":"/api/user/logout","data":{},"startTime":"2021-10-09 15:54:59","endTime":"2021-10-09 15:54:59","timeLength":5}
2021-10-09 15:55:05 [httpLog] {"method":"POST","url":"/api/user/login","data":{"username":"test1","password":"1234"},"startTime":"2021-10-09 15:55:05","endTime":"2021-10-09 15:55:05","timeLength":12}
2021-10-09 15:55:05 [httpLog] {"method":"POST","url":"/api/user/detail","data":{"id":10},"startTime":"2021-10-09 15:55:05","endTime":"2021-10-09 15:55:05","timeLength":4}
2021-10-09 15:55:17 [httpLog] {"method":"POST","url":"/api/user/logout","data":{},"startTime":"2021-10-09 15:55:17","endTime":"2021-10-09 15:55:17","timeLength":1}
2021-10-09 15:59:19 [httpLog] {"method":"POST","url":"/api/user/login","data":{"username":"test1","password":"1234"},"startTime":"2021-10-09 15:59:19","endTime":"2021-10-09 15:59:19","timeLength":19}
2021-10-09 15:59:19 [httpLog] {"method":"POST","url":"/api/user/detail","data":{"id":10},"startTime":"2021-10-09 15:59:19","endTime":"2021-10-09 15:59:19","timeLength":8}
2021-10-09 15:59:22 [httpLog] {"method":"POST","url":"/api/user/detail","data":{"id":10},"startTime":"2021-10-09 15:59:22","endTime":"2021-10-09 15:59:22","timeLength":4}
2021-10-09 15:59:29 [httpLog] {"method":"POST","url":"/api/user/logout","data":{},"startTime":"2021-10-09 15:59:29","endTime":"2021-10-09 15:59:29","timeLength":1}
